Build started 8/21/2012 2:48:53 AM.
Project "C:\Users\x9090\Documents\Visual Studio 2008\Projects\vmdetector\VmDetector\VmDetector.vcxproj" on node 2 (build target(s)).
InitializeBuildStatus:
  Creating "Debug\VmDetector.unsuccessfulbuild" because "AlwaysCreate" was specified.
ClCompile:
  C:\Program Files\Microsoft Visual Studio 10.0\VC\bin\CL.exe /c /ZI /nologo /W3 /WX- /Od /Oy- /D WIN32 /D _DEBUG /D _CONSOLE /D _UNICODE /D UNICODE /Gm /EHsc /RTC1 /MTd /GS /fp:precise /Zc:wchar_t /Zc:forScope /Fo"Debug\\" /Fd"Debug\vc100.pdb" /Gd /TC /analyze- /errorReport:prompt chkrtdsc.c vmdetector.c
  vmdetector.c
  chkrtdsc.c
  Generating Code...
ManifestResourceCompile:
  All outputs are up-to-date.
Link:
  C:\Program Files\Microsoft Visual Studio 10.0\VC\bin\link.exe /ERRORREPORT:PROMPT /OUT:"C:\Users\x9090\Documents\Visual Studio 2008\Projects\vmdetector\Debug\VmDetector.exe" /INCREMENTAL /NOLOGO kernel32.lib user32.lib gdi32.lib winspool.lib comdlg32.lib advapi32.lib shell32.lib ole32.lib oleaut32.lib uuid.lib odbc32.lib odbccp32.lib /MANIFEST /ManifestFile:"Debug\VmDetector.exe.intermediate.manifest" /MANIFESTUAC:"level='asInvoker' uiAccess='false'" /DEBUG /PDB:"C:\Users\x9090\Documents\Visual Studio 2008\Projects\vmdetector\Debug\VmDetector.pdb" /SUBSYSTEM:CONSOLE /TLBID:1 /DYNAMICBASE /NXCOMPAT /IMPLIB:"C:\Users\x9090\Documents\Visual Studio 2008\Projects\vmdetector\Debug\VmDetector.lib" /MACHINE:X86 Debug\VmDetector.exe.embed.manifest.res
  Debug\chkcpuid.obj
  Debug\chkrtdsc.obj
  Debug\chkvmhdd.obj
  Debug\vmdetector.obj
Manifest:
  C:\Program Files\Microsoft SDKs\Windows\v7.0A\bin\mt.exe /nologo /verbose /out:"Debug\VmDetector.exe.embed.manifest" /manifest Debug\VmDetector.exe.intermediate.manifest
  All outputs are up-to-date.
LinkEmbedManifest:
  All outputs are up-to-date.
  VmDetector.vcxproj -> C:\Users\x9090\Documents\Visual Studio 2008\Projects\vmdetector\Debug\VmDetector.exe
FinalizeBuildStatus:
  Deleting file "Debug\VmDetector.unsuccessfulbuild".
  Touching "Debug\VmDetector.lastbuildstate".
Done Building Project "C:\Users\x9090\Documents\Visual Studio 2008\Projects\vmdetector\VmDetector\VmDetector.vcxproj" (build target(s)).

Build succeeded.

Time Elapsed 00:00:15.17
